<?xml version="1.0" encoding="UTF-8"?>
<testsuite xmlns:xsi="http://www.w3.org/2001/XMLSchema-instance" xsi:noNamespaceSchemaLocation="https://maven.apache.org/surefire/maven-surefire-plugin/xsd/surefire-test-report-3.0.xsd" version="3.0" name="com.o_miquelini.bot.youtube.YouTubeBotTest" time="0.048" tests="1" errors="0" skipped="0" failures="0">
  <properties>
[...]
</properties>
  <testcase name="testProcessMessage" classname="com.o_miquelini.bot.youtube.YouTubeBotTest" time="0.046">
    <system-out><![CDATA[##############Processing message: -b whats 1+1?
##############Response: 2
]]></system-out>
  </testcase>
</testsuite>